
             Description of Fit to CCF Peak and Cross-Correlation
	   NOAO/IRAF V2.16.1 fahrenschon@Kaetzchen-Kiste Thu 15:39:11 26-Mar-2020

Obj  = `output/ID2864/20190918_0080_FOC1903_SCI0_ods_ord094_A_lin_IRAF.fits[1]'star = `'
Temp = `output/ID2864/20190903_0114_FOC1903_SCI0_ods_ord094_A_lin_IRAF.fits[1]'star = `'
Deltav = 2.093 Km/sec                  Tempvel = 5.774 Km/sec

Fit Parameters:
         Function = `gaussian'               Width = 15.
           Height = 0.                    Minwidth = 3.
             Peak = no                    Maxwidth = 21.
          Weights = YES                 Background = INDEF
        Wincenter = INDEF                   Window = INDEF

	Number of points fit = 15
	Number of iterations = 2
	Number of coeffs fit = 1 - 4
	Chi Squared of fit = 1.071E-6
	Fit Coefficients:
		c[1] =   0.9288  +/- 1.7959                     # Amplitude
		c[2] =   3.1611  +/- 2.4102                     # Center
		c[3] =   7.0882  +/- 32.765                     # Sigma^2
		c[4] =   0.0697  +/- 1.8971                     # Background

	Mean Residual = 0.0007919
	Sigma of Residuals = 0.0032389
	Maximum of cross-correlation is in bin = 3.
	Variance of cross-correlation = 0.004590294
	HJD of observation = 2458746.36365       MJD = 58745.85841
	Object sample used in correlation = `*'
	Template sample used in correlation = `*'
	Tonry&Davis R value = 153.8211

Velocity Results:
	Shift of peak = 3.1611 pixels
	Correlation height = 0.999
	FWHM of peak = 13.12212 Km/sec	(=6.269384 pixels)

	Velocity computed from shift = 6.6163 Km/sec
	Observed velocity = 7.0516 Km/sec
	Heliocentric velocity = 5.7870 +/- 0.067 Km/sec

Comments:

